<?xml version="1.0" encoding="UTF-8"?>
<testng-results ignored="0" total="1" passed="1" failed="0" skipped="0">
  <reporter-output>
  </reporter-output>
  <suite started-at="2022-09-19T21:02:48 IST" name="Default suite" finished-at="2022-09-19T21:03:03 IST" duration-ms="15475">
    <groups>
    </groups>
    <test started-at="2022-09-19T21:02:48 IST" name="Default test" finished-at="2022-09-19T21:03:03 IST" duration-ms="15475">
      <class name="testscripts.TestLeadsPage">
        <test-method is-config="true" signature="prerequisite()[pri:0, instance:testscripts.TestLeadsPage@3835c46]" started-at="2022-09-19T21:02:48 IST" name="prerequisite" finished-at="2022-09-19T21:02:57 IST" duration-ms="9564" status="PASS">
          <reporter-output>
          </reporter-output>
        </test-method> <!-- prerequisite -->
        <test-method signature="testLeadCreation()[pri:0, instance:testscripts.TestLeadsPage@3835c46]" started-at="2022-09-19T21:02:58 IST" name="testLeadCreation" finished-at="2022-09-19T21:03:03 IST" duration-ms="5617" status="PASS">
          <reporter-output>
          </reporter-output>
        </test-method> <!-- testLeadCreation -->
        <test-method is-config="true" signature="tearDown()[pri:0, instance:testscripts.TestLeadsPage@3835c46]" started-at="2022-09-19T21:03:03 IST" name="tearDown" finished-at="2022-09-19T21:03:03 IST" duration-ms="240" status="PASS">
          <reporter-output>
          </reporter-output>
        </test-method> <!-- tearDown -->
      </class> <!-- testscripts.TestLeadsPage -->
    </test> <!-- Default test -->
  </suite> <!-- Default suite -->
</testng-results>
