<?xml version="1.0" encoding="UTF-8"?>
<testng-results ignored="0" total="1" passed="1" failed="0" skipped="0">
  <reporter-output>
  </reporter-output>
  <suite started-at="2022-09-21T21:08:36 IST" name="Default suite" finished-at="2022-09-21T21:08:46 IST" duration-ms="10001">
    <groups>
    </groups>
    <test started-at="2022-09-21T21:08:36 IST" name="Default test" finished-at="2022-09-21T21:08:46 IST" duration-ms="10001">
      <class name="jsexamples.Example3">
        <test-method signature="testCase1()[pri:0, instance:jsexamples.Example3@6a400542]" started-at="2022-09-21T21:08:36 IST" name="testCase1" finished-at="2022-09-21T21:08:46 IST" duration-ms="9926" status="PASS">
          <reporter-output>
          </reporter-output>
        </test-method> <!-- testCase1 -->
      </class> <!-- jsexamples.Example3 -->
    </test> <!-- Default test -->
  </suite> <!-- Default suite -->
</testng-results>
